10:50:45:0.06160300 - Start
10:50:45:0.06362600 - Start
etector constructed.
10:50:45:0.06516900 - deviceDetector constructed.
10:50:45:0.06583500 - device detector is-mobile = false
10:50:45:0.06616600 - deviceDetector constructed.
10:50:45:0.06633500 - deviceDetector constructed.
10:50:45:0.06746200 - device detector is-mobile = false
10:50:45:0.06797600 - deviceDetector constructed.
10:50:45:0.06865600 - device detector is-mobile = false
10:50:45:0.07043000 - device detector is-mobile = false
10:50:45:0.07050200 - device detector is-mobile = false
10:50:45:0.09137800 - Start
10:50:45:0.09187200 - Start
10:50:45:0.09248900 - Start
10:50:45:0.09426800 - deviceDetector constructed.
10:50:45:0.09564400 - deviceDetector constructed.
10:50:45:0.09743200 - device detector is-mobile = false
10:50:45:0.09948600 - device detector is-mobile = false
10:50:45:0.09955400 - device detector is-mobile = false
10:50:45:0.14587200 - End
10:50:45:0.15110200 - End
10:50:45:0.15333700 - End
10:50:45:0.16247300 - End
10:50:45:0.25276600 - End
10:50:45:0.26411000 - End
10:50:45:0.27477000 - End
10:50:45:0.28578500 - End
10:50:45:0.28891200 - End
10:50:45:0.28967400 - End
10:50:45:0.29195300 - End
10:50:45:0.29398000 - End
10:50:45:0.29880100 - End
10:50:45:0.30787800 - End
10:50:45:0.31104000 - End
10:50:45:0.31193300 - End
